{"C:\\Users\\Buugi\\Documents\\GitHub\\full-stack-open-pokedex\\src\\App.jsx": {"path":"C:\\Users\\Buugi\\Documents\\GitHub\\full-stack-open-pokedex\\src\\App.jsx","statementMap":{"0":{"start":{"line":5,"column":12},"end":{"line":30,"column":1}},"1":{"start":{"line":6,"column":32},"end":{"line":6,"column":44}},"2":{"start":{"line":7,"column":28},"end":{"line":7,"column":42}},"3":{"start":{"line":9,"column":2},"end":{"line":13,"column":8}},"4":{"start":{"line":10,"column":4},"end":{"line":12,"column":30}},"5":{"start":{"line":11,"column":24},"end":{"line":11,"column":57}},"6":{"start":{"line":12,"column":18},"end":{"line":12,"column":29}},"7":{"start":{"line":15,"column":2},"end":{"line":29,"column":3}},"8":{"start":{"line":25,"column":10},"end":{"line":25,"column":35}}},"fnMap":{"0":{"name":"(anonymous_0)","decl":{"start":{"line":5,"column":12},"end":{"line":5,"column":13}},"loc":{"start":{"line":5,"column":18},"end":{"line":30,"column":1}},"line":5},"1":{"name":"(anonymous_1)","decl":{"start":{"line":9,"column":12},"end":{"line":9,"column":13}},"loc":{"start":{"line":9,"column":18},"end":{"line":13,"column":3}},"line":9},"2":{"name":"(anonymous_2)","decl":{"start":{"line":11,"column":12},"end":{"line":11,"column":13}},"loc":{"start":{"line":11,"column":24},"end":{"line":11,"column":57}},"line":11},"3":{"name":"(anonymous_3)","decl":{"start":{"line":12,"column":13},"end":{"line":12,"column":14}},"loc":{"start":{"line":12,"column":18},"end":{"line":12,"column":29}},"line":12},"4":{"name":"(anonymous_4)","decl":{"start":{"line":24,"column":21},"end":{"line":24,"column":22}},"loc":{"start":{"line":25,"column":10},"end":{"line":25,"column":35}},"line":25}},"branchMap":{"0":{"loc":{"start":{"line":18,"column":7},"end":{"line":22,"column":7}},"type":"binary-expr","locations":[{"start":{"line":18,"column":7},"end":{"line":18,"column":12}},{"start":{"line":19,"column":8},"end":{"line":21,"column":14}}],"line":18}},"s":{"0":1,"1":4,"2":4,"3":4,"4":2,"5":1,"6":1,"7":4,"8":1},"f":{"0":4,"1":2,"2":1,"3":1,"4":1},"b":{"0":[4,1]},"_coverageSchema":"1a1c01bbd47fc00a2c39e90264f33305004495a9","hash":"589fe1bf009e1fce09c981f02d733dd050f6dd50"}
,"C:\\Users\\Buugi\\Documents\\GitHub\\full-stack-open-pokedex\\src\\ErrorMessage.jsx": {"path":"C:\\Users\\Buugi\\Documents\\GitHub\\full-stack-open-pokedex\\src\\ErrorMessage.jsx","statementMap":{"0":{"start":{"line":3,"column":21},"end":{"line":5,"column":1}},"1":{"start":{"line":4,"column":2},"end":{"line":4,"column":69}}},"fnMap":{"0":{"name":"(anonymous_0)","decl":{"start":{"line":3,"column":21},"end":{"line":3,"column":22}},"loc":{"start":{"line":4,"column":2},"end":{"line":4,"column":69}},"line":4}},"branchMap":{},"s":{"0":1,"1":0},"f":{"0":0},"b":{},"_coverageSchema":"1a1c01bbd47fc00a2c39e90264f33305004495a9","hash":"e05a3f4f9ea045b17bb5fb9fa7e959c60880894b"}
,"C:\\Users\\Buugi\\Documents\\GitHub\\full-stack-open-pokedex\\src\\LoadingSpinner.jsx": {"path":"C:\\Users\\Buugi\\Documents\\GitHub\\full-stack-open-pokedex\\src\\LoadingSpinner.jsx","statementMap":{"0":{"start":{"line":3,"column":23},"end":{"line":5,"column":1}},"1":{"start":{"line":4,"column":2},"end":{"line":4,"column":145}}},"fnMap":{"0":{"name":"(anonymous_0)","decl":{"start":{"line":3,"column":23},"end":{"line":3,"column":24}},"loc":{"start":{"line":4,"column":2},"end":{"line":4,"column":145}},"line":4}},"branchMap":{},"s":{"0":1,"1":4},"f":{"0":4},"b":{},"_coverageSchema":"1a1c01bbd47fc00a2c39e90264f33305004495a9","hash":"6802e480a62801ad712b9c43e0455e786d666ccb"}
,"C:\\Users\\Buugi\\Documents\\GitHub\\full-stack-open-pokedex\\src\\PokemonAbility.jsx": {"path":"C:\\Users\\Buugi\\Documents\\GitHub\\full-stack-open-pokedex\\src\\PokemonAbility.jsx","statementMap":{"0":{"start":{"line":3,"column":23},"end":{"line":10,"column":1}},"1":{"start":{"line":4,"column":2},"end":{"line":9,"column":8}}},"fnMap":{"0":{"name":"(anonymous_0)","decl":{"start":{"line":3,"column":23},"end":{"line":3,"column":24}},"loc":{"start":{"line":4,"column":2},"end":{"line":9,"column":8}},"line":4}},"branchMap":{},"s":{"0":1,"1":8},"f":{"0":8},"b":{},"_coverageSchema":"1a1c01bbd47fc00a2c39e90264f33305004495a9","hash":"8c839e02447408af2a7f237de3e6227d1f2ba2e8"}
,"C:\\Users\\Buugi\\Documents\\GitHub\\full-stack-open-pokedex\\src\\PokemonList.jsx": {"path":"C:\\Users\\Buugi\\Documents\\GitHub\\full-stack-open-pokedex\\src\\PokemonList.jsx","statementMap":{"0":{"start":{"line":4,"column":20},"end":{"line":18,"column":1}},"1":{"start":{"line":5,"column":2},"end":{"line":17,"column":3}},"2":{"start":{"line":8,"column":8},"end":{"line":14,"column":15}}},"fnMap":{"0":{"name":"(anonymous_0)","decl":{"start":{"line":4,"column":20},"end":{"line":4,"column":21}},"loc":{"start":{"line":4,"column":41},"end":{"line":18,"column":1}},"line":4},"1":{"name":"(anonymous_1)","decl":{"start":{"line":7,"column":23},"end":{"line":7,"column":24}},"loc":{"start":{"line":8,"column":8},"end":{"line":14,"column":15}},"line":8}},"branchMap":{},"s":{"0":1,"1":1,"2":2},"f":{"0":1,"1":2},"b":{},"_coverageSchema":"1a1c01bbd47fc00a2c39e90264f33305004495a9","hash":"8ba4f33514e198e40714f1b9bb353e92485e7ab6"}
,"C:\\Users\\Buugi\\Documents\\GitHub\\full-stack-open-pokedex\\src\\PokemonPage.jsx": {"path":"C:\\Users\\Buugi\\Documents\\GitHub\\full-stack-open-pokedex\\src\\PokemonPage.jsx","statementMap":{"0":{"start":{"line":8,"column":19},"end":{"line":8,"column":67}},"1":{"start":{"line":8,"column":37},"end":{"line":8,"column":67}},"2":{"start":{"line":10,"column":20},"end":{"line":68,"column":1}},"3":{"start":{"line":11,"column":19},"end":{"line":11,"column":30}},"4":{"start":{"line":12,"column":46},"end":{"line":12,"column":97}},"5":{"start":{"line":14,"column":2},"end":{"line":16,"column":3}},"6":{"start":{"line":15,"column":4},"end":{"line":15,"column":29}},"7":{"start":{"line":17,"column":2},"end":{"line":19,"column":3}},"8":{"start":{"line":18,"column":4},"end":{"line":18,"column":41}},"9":{"start":{"line":21,"column":19},"end":{"line":21,"column":64}},"10":{"start":{"line":21,"column":48},"end":{"line":21,"column":63}},"11":{"start":{"line":22,"column":16},"end":{"line":25,"column":15}},"12":{"start":{"line":22,"column":45},"end":{"line":25,"column":3}},"13":{"start":{"line":27,"column":24},"end":{"line":27,"column":79}},"14":{"start":{"line":27,"column":60},"end":{"line":27,"column":78}},"15":{"start":{"line":28,"column":24},"end":{"line":28,"column":87}},"16":{"start":{"line":28,"column":60},"end":{"line":28,"column":86}},"17":{"start":{"line":30,"column":2},"end":{"line":67,"column":3}},"18":{"start":{"line":48,"column":18},"end":{"line":51,"column":23}}},"fnMap":{"0":{"name":"(anonymous_0)","decl":{"start":{"line":8,"column":19},"end":{"line":8,"column":20}},"loc":{"start":{"line":8,"column":37},"end":{"line":8,"column":67}},"line":8},"1":{"name":"(anonymous_1)","decl":{"start":{"line":10,"column":20},"end":{"line":10,"column":21}},"loc":{"start":{"line":10,"column":44},"end":{"line":68,"column":1}},"line":10},"2":{"name":"(anonymous_2)","decl":{"start":{"line":21,"column":38},"end":{"line":21,"column":39}},"loc":{"start":{"line":21,"column":48},"end":{"line":21,"column":63}},"line":21},"3":{"name":"(anonymous_3)","decl":{"start":{"line":22,"column":34},"end":{"line":22,"column":35}},"loc":{"start":{"line":22,"column":45},"end":{"line":25,"column":3}},"line":22},"4":{"name":"(anonymous_4)","decl":{"start":{"line":27,"column":47},"end":{"line":27,"column":48}},"loc":{"start":{"line":27,"column":60},"end":{"line":27,"column":78}},"line":27},"5":{"name":"(anonymous_5)","decl":{"start":{"line":28,"column":47},"end":{"line":28,"column":48}},"loc":{"start":{"line":28,"column":60},"end":{"line":28,"column":86}},"line":28},"6":{"name":"(anonymous_6)","decl":{"start":{"line":47,"column":27},"end":{"line":47,"column":28}},"loc":{"start":{"line":48,"column":18},"end":{"line":51,"column":23}},"line":48}},"branchMap":{"0":{"loc":{"start":{"line":14,"column":2},"end":{"line":16,"column":3}},"type":"if","locations":[{"start":{"line":14,"column":2},"end":{"line":16,"column":3}},{"start":{},"end":{}}],"line":14},"1":{"loc":{"start":{"line":17,"column":2},"end":{"line":19,"column":3}},"type":"if","locations":[{"start":{"line":17,"column":2},"end":{"line":19,"column":3}},{"start":{},"end":{}}],"line":17},"2":{"loc":{"start":{"line":33,"column":9},"end":{"line":33,"column":75}},"type":"binary-expr","locations":[{"start":{"line":33,"column":9},"end":{"line":33,"column":17}},{"start":{"line":33,"column":21},"end":{"line":33,"column":75}}],"line":33},"3":{"loc":{"start":{"line":35,"column":9},"end":{"line":35,"column":63}},"type":"binary-expr","locations":[{"start":{"line":35,"column":9},"end":{"line":35,"column":13}},{"start":{"line":35,"column":17},"end":{"line":35,"column":63}}],"line":35},"4":{"loc":{"start":{"line":57,"column":13},"end":{"line":59,"column":13}},"type":"binary-expr","locations":[{"start":{"line":57,"column":13},"end":{"line":57,"column":26}},{"start":{"line":58,"column":14},"end":{"line":58,"column":85}}],"line":57},"5":{"loc":{"start":{"line":60,"column":13},"end":{"line":62,"column":13}},"type":"binary-expr","locations":[{"start":{"line":60,"column":13},"end":{"line":60,"column":26}},{"start":{"line":61,"column":14},"end":{"line":61,"column":85}}],"line":60}},"s":{"0":1,"1":16,"2":1,"3":8,"4":8,"5":8,"6":4,"7":4,"8":0,"9":4,"10":4,"11":4,"12":8,"13":4,"14":8,"15":4,"16":4,"17":4,"18":8},"f":{"0":16,"1":8,"2":4,"3":8,"4":8,"5":4,"6":8},"b":{"0":[4,4],"1":[0,4],"2":[4,1],"3":[4,1],"4":[4,4],"5":[4,4]},"_coverageSchema":"1a1c01bbd47fc00a2c39e90264f33305004495a9","hash":"43bd7d332ad43f6410a51b5affd0c3b7bf9c1b53"}
,"C:\\Users\\Buugi\\Documents\\GitHub\\full-stack-open-pokedex\\src\\config.js": {"path":"C:\\Users\\Buugi\\Documents\\GitHub\\full-stack-open-pokedex\\src\\config.js","statementMap":{"0":{"start":{"line":1,"column":15},"end":{"line":3,"column":1}},"1":{"start":{"line":4,"column":0},"end":{"line":4,"column":23}}},"fnMap":{},"branchMap":{"0":{"loc":{"start":{"line":2,"column":14},"end":{"line":2,"column":65}},"type":"binary-expr","locations":[{"start":{"line":2,"column":14},"end":{"line":2,"column":38}},{"start":{"line":2,"column":42},"end":{"line":2,"column":65}}],"line":2}},"s":{"0":2,"1":2},"f":{},"b":{"0":[2,2]},"_coverageSchema":"1a1c01bbd47fc00a2c39e90264f33305004495a9","hash":"b41b0de87000b6770b5886cd76a3c33978a3a89a"}
,"C:\\Users\\Buugi\\Documents\\GitHub\\full-stack-open-pokedex\\src\\useApi.js": {"path":"C:\\Users\\Buugi\\Documents\\GitHub\\full-stack-open-pokedex\\src\\useApi.js","statementMap":{"0":{"start":{"line":5,"column":15},"end":{"line":21,"column":1}},"1":{"start":{"line":5,"column":47},"end":{"line":5,"column":53}},"2":{"start":{"line":6,"column":26},"end":{"line":6,"column":36}},"3":{"start":{"line":7,"column":36},"end":{"line":7,"column":50}},"4":{"start":{"line":8,"column":28},"end":{"line":8,"column":38}},"5":{"start":{"line":10,"column":2},"end":{"line":18,"column":12}},"6":{"start":{"line":11,"column":4},"end":{"line":11,"column":22}},"7":{"start":{"line":13,"column":4},"end":{"line":17,"column":41}},"8":{"start":{"line":15,"column":24},"end":{"line":15,"column":58}},"9":{"start":{"line":17,"column":21},"end":{"line":17,"column":40}},"10":{"start":{"line":20,"column":2},"end":{"line":20,"column":35}}},"fnMap":{"0":{"name":"(anonymous_0)","decl":{"start":{"line":5,"column":15},"end":{"line":5,"column":16}},"loc":{"start":{"line":5,"column":58},"end":{"line":21,"column":1}},"line":5},"1":{"name":"(anonymous_1)","decl":{"start":{"line":5,"column":35},"end":{"line":5,"column":36}},"loc":{"start":{"line":5,"column":47},"end":{"line":5,"column":53}},"line":5},"2":{"name":"(anonymous_2)","decl":{"start":{"line":10,"column":12},"end":{"line":10,"column":13}},"loc":{"start":{"line":10,"column":18},"end":{"line":18,"column":3}},"line":10},"3":{"name":"(anonymous_3)","decl":{"start":{"line":15,"column":12},"end":{"line":15,"column":13}},"loc":{"start":{"line":15,"column":24},"end":{"line":15,"column":58}},"line":15},"4":{"name":"(anonymous_4)","decl":{"start":{"line":17,"column":15},"end":{"line":17,"column":16}},"loc":{"start":{"line":17,"column":21},"end":{"line":17,"column":40}},"line":17}},"branchMap":{"0":{"loc":{"start":{"line":5,"column":22},"end":{"line":5,"column":53}},"type":"default-arg","locations":[{"start":{"line":5,"column":35},"end":{"line":5,"column":53}}],"line":5}},"s":{"0":1,"1":4,"2":8,"3":8,"4":8,"5":8,"6":4,"7":4,"8":4,"9":4,"10":8},"f":{"0":8,"1":4,"2":4,"3":4,"4":4},"b":{"0":[8]},"_coverageSchema":"1a1c01bbd47fc00a2c39e90264f33305004495a9","hash":"a17169ad5e8bfccda24b98095aaf2b47cac5a3b2"}
}
