TN:
SF:src\App.jsx
FN:5,(anonymous_0)
FN:9,(anonymous_1)
FN:11,(anonymous_2)
FN:12,(anonymous_3)
FN:24,(anonymous_4)
FNF:5
FNH:5
FNDA:4,(anonymous_0)
FNDA:2,(anonymous_1)
FNDA:1,(anonymous_2)
FNDA:1,(anonymous_3)
FNDA:1,(anonymous_4)
DA:5,1
DA:6,4
DA:7,4
DA:9,4
DA:10,2
DA:11,1
DA:12,1
DA:15,4
DA:25,1
LF:9
LH:9
BRDA:18,0,0,4
BRDA:18,0,1,1
BRF:2
BRH:2
end_of_record
TN:
SF:src\ErrorMessage.jsx
FN:3,(anonymous_0)
FNF:1
FNH:0
FNDA:0,(anonymous_0)
DA:3,1
DA:4,0
LF:2
LH:1
BRF:0
BRH:0
end_of_record
TN:
SF:src\LoadingSpinner.jsx
FN:3,(anonymous_0)
FNF:1
FNH:1
FNDA:4,(anonymous_0)
DA:3,1
DA:4,4
LF:2
LH:2
BRF:0
BRH:0
end_of_record
TN:
SF:src\PokemonAbility.jsx
FN:3,(anonymous_0)
FNF:1
FNH:1
FNDA:8,(anonymous_0)
DA:3,1
DA:4,8
LF:2
LH:2
BRF:0
BRH:0
end_of_record
TN:
SF:src\PokemonList.jsx
FN:4,(anonymous_0)
FN:7,(anonymous_1)
FNF:2
FNH:2
FNDA:1,(anonymous_0)
FNDA:2,(anonymous_1)
DA:4,1
DA:5,1
DA:8,2
LF:3
LH:3
BRF:0
BRH:0
end_of_record
TN:
SF:src\PokemonPage.jsx
FN:8,(anonymous_0)
FN:10,(anonymous_1)
FN:21,(anonymous_2)
FN:22,(anonymous_3)
FN:27,(anonymous_4)
FN:28,(anonymous_5)
FN:47,(anonymous_6)
FNF:7
FNH:7
FNDA:16,(anonymous_0)
FNDA:8,(anonymous_1)
FNDA:4,(anonymous_2)
FNDA:8,(anonymous_3)
FNDA:8,(anonymous_4)
FNDA:4,(anonymous_5)
FNDA:8,(anonymous_6)
DA:8,16
DA:10,1
DA:11,8
DA:12,8
DA:14,8
DA:15,4
DA:17,4
DA:18,0
DA:21,4
DA:22,8
DA:27,8
DA:28,4
DA:30,4
DA:48,8
LF:14
LH:13
BRDA:14,0,0,4
BRDA:14,0,1,4
BRDA:17,1,0,0
BRDA:17,1,1,4
BRDA:33,2,0,4
BRDA:33,2,1,1
BRDA:35,3,0,4
BRDA:35,3,1,1
BRDA:57,4,0,4
BRDA:57,4,1,4
BRDA:60,5,0,4
BRDA:60,5,1,4
BRF:12
BRH:11
end_of_record
TN:
SF:src\config.js
FNF:0
FNH:0
DA:1,2
DA:4,2
LF:2
LH:2
BRDA:2,0,0,2
BRDA:2,0,1,2
BRF:2
BRH:2
end_of_record
TN:
SF:src\useApi.js
FN:5,(anonymous_0)
FN:5,(anonymous_1)
FN:10,(anonymous_2)
FN:15,(anonymous_3)
FN:17,(anonymous_4)
FNF:5
FNH:5
FNDA:8,(anonymous_0)
FNDA:4,(anonymous_1)
FNDA:4,(anonymous_2)
FNDA:4,(anonymous_3)
FNDA:4,(anonymous_4)
DA:5,4
DA:6,8
DA:7,8
DA:8,8
DA:10,8
DA:11,4
DA:13,4
DA:15,4
DA:17,4
DA:20,8
LF:10
LH:10
BRDA:5,0,0,8
BRF:1
BRH:1
end_of_record
